-------------------- Log Start | Thu Jan 11 00:11:08 2024 --------------------
data_path: /home/biqu/printer_data
is_default_data_path: False
config_file: /home/biqu/printer_data/config/moonraker.conf
startup_warnings: []
verbose: False
debug: False
asyncio_debug: False
is_backup_config: False
is_python_package: False
instance_uuid: 67ee820556e1453d9aea1a0c4bd50b3f
unix_socket_path: /home/biqu/printer_data/comms/moonraker.sock
software_version: v0.8.0-246-gea6df41
git_branch: master
git_remote: origin
git_repo_url: https://github.com/Arksine/moonraker.git
modified_files: []
unofficial_components: []
log_file: /home/biqu/printer_data/logs/moonraker.log
python_version: 3.9.2 (default, Feb 28 2021, 17:03:44)  [GCC 10.2.1 20210110]
launch_args: /home/biqu/moonraker-env/bin/python /home/biqu/moonraker/moonraker/moonraker.py -d /home/biqu/printer_data
msgspec_enabled: False
uvloop_enabled: False

#################### Moonraker Configuration ####################

[server]
host = 0.0.0.0
port = 7125
klippy_uds_address = /home/biqu/printer_data/comms/klippy.sock

[authorization]
trusted_clients = 
	10.0.0.0/8
	127.0.0.0/8
	169.254.0.0/16
	172.16.0.0/12
	192.168.0.0/16
	FE80::/10
	::1/128
cors_domains = 
	*.lan
	*.local
	*://localhost
	*://localhost:*
	*://my.mainsail.xyz
	*://app.fluidd.xyz

[octoprint_compat]

[history]

[update_manager]
channel = dev
refresh_interval = 168

[update_manager mainsail-config]
type = git_repo
primary_branch = master
path = ~/mainsail-config
origin = https://github.com/mainsail-crew/mainsail-config.git
managed_services = klipper

[update_manager mainsail]
type = web
channel = stable
repo = mainsail-crew/mainsail
path = ~/mainsail

[update_manager crowsnest]
type = git_repo
path = ~/crowsnest
origin = https://github.com/mainsail-crew/crowsnest.git
managed_services = crowsnest
install_script = tools/pkglist.sh

[update_manager sonar]
type = git_repo
path = ~/sonar
origin = https://github.com/mainsail-crew/sonar.git
primary_branch = main
managed_services = sonar
install_script = tools/install.sh

[update_manager timelapse]
type = git_repo
primary_branch = main
path = ~/moonraker-timelapse
origin = https://github.com/mainsail-crew/moonraker-timelapse.git
managed_services = klipper moonraker

[update_manager KlipperScreen]
type = git_repo
path = ~/KlipperScreen
origin = https://github.com/bigtreetech/KlipperScreen.git
env = ~/.KlipperScreen-env/bin/python
requirements = scripts/KlipperScreen-requirements.txt
install_script = scripts/KlipperScreen-install.sh
managed_services = KlipperScreen

[update_manager print_area_bed_mesh]
type = git_repo
path = ~/print_area_bed_mesh
origin = https://github.com/Turge08/print_area_bed_mesh.git
is_system_service = False

#################################################################
All Configuration Files:
/home/biqu/printer_data/config/moonraker.conf
#################################################################

Database Versions: pylmdb = 1.4.1, lmdb = (0, 9, 29)
Unsafe Shutdown Count: 2

System Info:

***python***
  version: (3, 9, 2, 'final', 0)
  version_string: 3.9.2 (default, Feb 28 2021, 17:03:44)  [GCC 10.2.1 20210110]

***cpu_info***
  cpu_count: 4
  bits: 64bit
  processor: aarch64
  cpu_desc: 
  serial_number: 
  hardware_desc: 
  model: 
  total_memory: 1010636
  memory_units: kB

***sd_info***

***distribution***
  name: Debian GNU/Linux 11 (bullseye)
  id: debian
  version: 11
  version_parts: {'major': '11', 'minor': '', 'build_number': ''}
  like: 
  codename: bullseye
  release_info: {'name': '# PLEASE DO NOT EDIT THIS FILE', 'id': 'board'}

***virtualization***
  virt_type: none
  virt_identifier: none

***network***

***canbus***

***Allowed Services***
  klipper_mcu
  webcamd
  MoonCord
  KlipperScreen
  moonraker-telegram-bot
  moonraker-obico
  sonar
  crowsnest
  octoeverywhere
  ratos-configurator

Systemd unit moonraker.service:
unit_name: moonraker.service
is_default: True
manager: systemd
Properties:
**Requires=['system.slice', 'network-online.target', '-.mount', 'sysinit.target']
**After=['basic.target', 'system.slice', 'network-online.target', '-.mount', 'systemd-journald.socket', 'sysinit.target']
**SupplementaryGroups=['moonraker-admin']
**EnvironmentFiles=/home/biqu/printer_data/systemd/moonraker.env
**ExecStart=/home/biqu/moonraker-env/bin/python $MOONRAKER_ARGS
**WorkingDirectory=/home/biqu/moonraker
**FragmentPath=/etc/systemd/system/moonraker.service
**Description=API Server for Klipper SV1
**User=biqu

Systemd unit klipper.service:
unit_name: klipper.service
is_default: True
manager: systemd
Properties:
**Requires=['system.slice', '-.mount', 'sysinit.target']
**After=['-.mount', 'sysinit.target', 'network-online.target', 'klipper-mcu.service', 'basic.target', 'system.slice', 'systemd-journald.socket']
**SupplementaryGroups=[]
**EnvironmentFiles=/home/biqu/printer_data/systemd/klipper.env
**ExecStart=/home/biqu/klippy-env/bin/python $KLIPPER_ARGS
**WorkingDirectory=/home/biqu/klipper
**FragmentPath=/etc/systemd/system/klipper.service
**Description=Klipper 3D Printer Firmware SV1
**User=biqu
Git Repo moonraker: Warnings detected:
  Repo has untracked source files: ['moonraker/components/timelapse.py']
Git Repo klipper: No warnings detected
Git Repo mainsail-config: No warnings detected
Git Repo crowsnest: No warnings detected
Git Repo sonar: No warnings detected
Git Repo timelapse: No warnings detected
Git Repo KlipperScreen: Warnings detected:
  Unofficial remote url: https://github.com/KlipperScreen/KlipperScreen.git
Git Repo print_area_bed_mesh: No warnings detected
Klipper Version: v0.12.0-61-gb50d6669
2024-01-11 00:11:08,836 [app.py:log_request()] - 101 GET /websocket (192.168.0.200) [_TRUSTED_USER_] 5.40ms
2024-01-11 00:11:08,837 [websockets.py:open()] - Websocket Opened: ID: 281473037633952, Proxied: True, User Agent: Mozilla/5.0 (Windows NT 10.0; Win64; x64) AppleWebKit/537.36 (KHTML, like Gecko) Chrome/121.0.0.0 Safari/537.36 Edg/121.0.0.0, Host Name: 192.168.0.106
2024-01-11 00:11:08,921 [websockets.py:_handle_identify()] - Websocket 281473037633952 Client Identified - Name: mainsail, Version: 2.9.1, Type: web
2024-01-11 00:18:08,903 [websockets.py:write_to_socket()] - Websocket closed while writing: 281473037633952
2024-01-11 00:18:13,843 [websockets.py:on_close()] - Websocket Closed: ID: 281473037633952 Close Code: None, Close Reason: None, Pong Time Elapsed: 44.99
2024-01-11 01:12:09,992 [authorization.py:_prune_conn_handler()] - Trusted Connection Expired, IP: 192.168.0.200
2024-01-11 02:12:52,279 [authorization.py:_check_trusted_connection()] - Trusted Connection Detected, IP: 192.168.0.200
2024-01-11 02:12:52,281 [app.py:log_request()] - 101 GET /websocket (192.168.0.200) [_TRUSTED_USER_] 5.73ms
2024-01-11 02:12:52,282 [websockets.py:open()] - Websocket Opened: ID: 281473037953008, Proxied: True, User Agent: Mozilla/5.0 (Windows NT 10.0; Win64; x64) AppleWebKit/537.36 (KHTML, like Gecko) Chrome/121.0.0.0 Safari/537.36 Edg/121.0.0.0, Host Name: 192.168.0.106
2024-01-11 02:12:52,329 [websockets.py:_handle_identify()] - Websocket 281473037953008 Client Identified - Name: mainsail, Version: 2.9.1, Type: web
2024-01-11 02:14:32,436 [websockets.py:write_to_socket()] - Websocket closed while writing: 281473037953008
2024-01-11 02:14:37,286 [websockets.py:on_close()] - Websocket Closed: ID: 281473037953008 Close Code: None, Close Reason: None, Pong Time Elapsed: 45.00
2024-01-11 03:17:10,030 [authorization.py:_prune_conn_handler()] - Trusted Connection Expired, IP: 192.168.0.200
2024-01-11 15:31:10,727 [authorization.py:_check_trusted_connection()] - Trusted Connection Detected, IP: 192.168.0.200
2024-01-11 15:31:10,730 [app.py:log_request()] - 101 GET /websocket (192.168.0.200) [_TRUSTED_USER_] 6.61ms
2024-01-11 15:31:10,731 [websockets.py:open()] - Websocket Opened: ID: 281473037506688, Proxied: True, User Agent: Mozilla/5.0 (Windows NT 10.0; Win64; x64) AppleWebKit/537.36 (KHTML, like Gecko) Chrome/121.0.0.0 Safari/537.36 Edg/121.0.0.0, Host Name: 192.168.0.106
2024-01-11 15:31:10,775 [websockets.py:_handle_identify()] - Websocket 281473037506688 Client Identified - Name: mainsail, Version: 2.9.1, Type: web
2024-01-11 15:32:50,936 [websockets.py:write_to_socket()] - Websocket closed while writing: 281473037506688
2024-01-11 15:32:55,736 [websockets.py:on_close()] - Websocket Closed: ID: 281473037506688 Close Code: None, Close Reason: None, Pong Time Elapsed: 45.00
2024-01-11 15:55:03,669 [app.py:log_request()] - 101 GET /websocket (192.168.0.200) [_TRUSTED_USER_] 5.00ms
2024-01-11 15:55:03,670 [websockets.py:open()] - Websocket Opened: ID: 281473037507648, Proxied: True, User Agent: Mozilla/5.0 (Windows NT 10.0; Win64; x64) AppleWebKit/537.36 (KHTML, like Gecko) Chrome/121.0.0.0 Safari/537.36 Edg/121.0.0.0, Host Name: 192.168.0.106
2024-01-11 15:55:03,676 [websockets.py:_handle_identify()] - Websocket 281473037507648 Client Identified - Name: mainsail, Version: 2.9.1, Type: web
2024-01-11 16:01:53,687 [websockets.py:write_to_socket()] - Websocket closed while writing: 281473037507648
2024-01-11 16:01:58,674 [websockets.py:on_close()] - Websocket Closed: ID: 281473037507648 Close Code: None, Close Reason: None, Pong Time Elapsed: 45.00
2024-01-11 16:57:10,278 [authorization.py:_prune_conn_handler()] - Trusted Connection Expired, IP: 192.168.0.200
2024-01-11 19:01:38,659 [authorization.py:_check_trusted_connection()] - Trusted Connection Detected, IP: 192.168.0.200
2024-01-11 19:01:38,684 [app.py:prepare()] - Upload Request Received from 192.168.0.200
Content-Type: multipart/form-data; boundary="boundary_.oOo._YPZlmj2wD+w/zHY1F4Il572/jabIIwrs"
2024-01-11 19:01:38,885 [app.py:post()] - Processing Uploaded File: /CE6_Drain Snake Longer.gcode
2024-01-11 19:01:39,371 [shell_command.py:pipe_data_received()] - INFO:metadata:Object Processing is disabled

2024-01-11 19:01:39,570 [shell_command.py:_check_proc_success()] - Command (/home/biqu/moonraker-env/bin/python /home/biqu/moonraker/moonraker/components/file_manager/metadata.py -p /home/biqu/printer_data/gcodes -f "CE6_Drain Snake Longer.gcode") successfully finished
2024-01-11 19:01:39,580 [app.py:log_request()] - 201 POST /server/files/upload (192.168.0.200) [_TRUSTED_USER_] 899.46ms
2024-01-11 19:01:39,617 [common.py:build_error()] - JSON-RPC Request Error - Requested Method: server.files.metadata, Code: -32601, Message: Metadata not available for <.thumbs/CE6_Drain Snake Longer-400x400.png>
2024-01-11 19:01:39,618 [common.py:build_error()] - JSON-RPC Request Error - Requested Method: server.files.metadata, Code: -32601, Message: Metadata not available for <.thumbs/CE6_Drain Snake Longer-32x32.png>
2024-01-11 19:02:01,669 [app.py:log_request()] - 101 GET /websocket (192.168.0.200) [_TRUSTED_USER_] 6.88ms
2024-01-11 19:02:01,670 [websockets.py:open()] - Websocket Opened: ID: 281473037506688, Proxied: True, User Agent: Mozilla/5.0 (Windows NT 10.0; Win64; x64) AppleWebKit/537.36 (KHTML, like Gecko) Chrome/121.0.0.0 Safari/537.36 Edg/121.0.0.0, Host Name: 192.168.0.106
2024-01-11 19:02:01,716 [websockets.py:_handle_identify()] - Websocket 281473037506688 Client Identified - Name: mainsail, Version: 2.9.1, Type: web
2024-01-11 19:02:05,289 [websockets.py:on_close()] - Websocket Closed: ID: 281473037506688 Close Code: 1001, Close Reason: None, Pong Time Elapsed: 3.62
2024-01-11 19:02:05,639 [app.py:log_request()] - 101 GET /websocket (192.168.0.200) [_TRUSTED_USER_] 10.91ms
2024-01-11 19:02:05,641 [websockets.py:open()] - Websocket Opened: ID: 281473037504576, Proxied: True, User Agent: Mozilla/5.0 (Windows NT 10.0; Win64; x64) AppleWebKit/537.36 (KHTML, like Gecko) Chrome/121.0.0.0 Safari/537.36 Edg/121.0.0.0, Host Name: 192.168.0.106
2024-01-11 19:02:05,663 [websockets.py:_handle_identify()] - Websocket 281473037504576 Client Identified - Name: mainsail, Version: 2.9.1, Type: web
2024-01-11 19:02:10,891 [job_state.py:_status_update()] - Job Started: CE6_Drain Snake Longer.gcode
2024-01-11 19:18:25,739 [websockets.py:write_to_socket()] - Websocket closed while writing: 281473037504576
2024-01-11 19:18:30,645 [websockets.py:on_close()] - Websocket Closed: ID: 281473037504576 Close Code: None, Close Reason: None, Pong Time Elapsed: 45.00
2024-01-11 19:32:44,949 [app.py:log_request()] - 101 GET /websocket (192.168.0.200) [_TRUSTED_USER_] 5.22ms
2024-01-11 19:32:44,950 [websockets.py:open()] - Websocket Opened: ID: 281473037507408, Proxied: True, User Agent: Mozilla/5.0 (Windows NT 10.0; Win64; x64) AppleWebKit/537.36 (KHTML, like Gecko) Chrome/121.0.0.0 Safari/537.36 Edg/121.0.0.0, Host Name: 192.168.0.106
2024-01-11 19:32:44,961 [websockets.py:_handle_identify()] - Websocket 281473037507408 Client Identified - Name: mainsail, Version: 2.9.1, Type: web
2024-01-11 19:40:04,962 [websockets.py:write_to_socket()] - Websocket closed while writing: 281473037507408
2024-01-11 19:40:09,955 [websockets.py:on_close()] - Websocket Closed: ID: 281473037507408 Close Code: None, Close Reason: None, Pong Time Elapsed: 45.00
2024-01-11 20:37:10,340 [authorization.py:_prune_conn_handler()] - Trusted Connection Expired, IP: 192.168.0.200
2024-01-11 22:04:37,470 [authorization.py:_check_trusted_connection()] - Trusted Connection Detected, IP: 192.168.0.200
2024-01-11 22:04:37,474 [app.py:log_request()] - 101 GET /websocket (192.168.0.200) [_TRUSTED_USER_] 6.93ms
2024-01-11 22:04:37,475 [websockets.py:open()] - Websocket Opened: ID: 281473037507024, Proxied: True, User Agent: Mozilla/5.0 (Windows NT 10.0; Win64; x64) AppleWebKit/537.36 (KHTML, like Gecko) Chrome/121.0.0.0 Safari/537.36 Edg/121.0.0.0, Host Name: 192.168.0.106
2024-01-11 22:04:37,494 [websockets.py:_handle_identify()] - Websocket 281473037507024 Client Identified - Name: mainsail, Version: 2.9.1, Type: web
2024-01-11 22:04:52,657 [websockets.py:on_close()] - Websocket Closed: ID: 281473038138576 Close Code: None, Close Reason: None, Pong Time Elapsed: 6.88
2024-01-11 22:04:52,696 [klippy_connection.py:_on_connection_closed()] - Klippy Connection Removed
2024-01-11 22:04:53,483 [server.py:_handle_term_signal()] - Exiting with signal SIGTERM
2024-01-11 22:04:53,589 [websockets.py:on_close()] - Websocket Closed: ID: 281473037507024 Close Code: 1001, Close Reason: Server Shutdown, Pong Time Elapsed: 6.05
2024-01-11 22:04:53,602 [database.py:close()] - Database statistics:

announcements:
psize: 4096
depth: 0
branch_pages: 0
leaf_pages: 0
overflow_pages: 0
entries: 0
authorized_users:
psize: 4096
depth: 1
branch_pages: 0
leaf_pages: 1
overflow_pages: 0
entries: 1
gcode_metadata:
psize: 4096
depth: 1
branch_pages: 0
leaf_pages: 1
overflow_pages: 0
entries: 6
history:
psize: 4096
depth: 2
branch_pages: 1
leaf_pages: 4
overflow_pages: 0
entries: 11
mainsail:
psize: 4096
depth: 1
branch_pages: 0
leaf_pages: 1
overflow_pages: 0
entries: 4
moonraker:
psize: 4096
depth: 1
branch_pages: 0
leaf_pages: 1
overflow_pages: 0
entries: 7
update_manager:
psize: 4096
depth: 2
branch_pages: 1
leaf_pages: 3
overflow_pages: 0
entries: 10
webcams:
psize: 4096
depth: 1
branch_pages: 0
leaf_pages: 1
overflow_pages: 0
entries: 1
2024-01-11 22:04:53,792 [server.py:main()] - Server Shutdown
-------------------- Log Start | Thu Jan 11 22:05:07 2024 --------------------
data_path: /home/biqu/printer_data
is_default_data_path: False
config_file: /home/biqu/printer_data/config/moonraker.conf
startup_warnings: []
verbose: False
debug: False
asyncio_debug: False
is_backup_config: False
is_python_package: False
instance_uuid: 67ee820556e1453d9aea1a0c4bd50b3f
unix_socket_path: /home/biqu/printer_data/comms/moonraker.sock
software_version: v0.8.0-246-gea6df41
git_branch: master
git_remote: origin
git_repo_url: https://github.com/Arksine/moonraker.git
modified_files: []
unofficial_components: []
log_file: /home/biqu/printer_data/logs/moonraker.log
python_version: 3.9.2 (default, Feb 28 2021, 17:03:44)  [GCC 10.2.1 20210110]
launch_args: /home/biqu/moonraker-env/bin/python /home/biqu/moonraker/moonraker/moonraker.py -d /home/biqu/printer_data
msgspec_enabled: False
uvloop_enabled: False
2024-01-11 22:05:07,279 [confighelper.py:read_file()] - Configuration File '/home/biqu/printer_data/config/moonraker.conf' parsed, total size: 1985 B
2024-01-11 22:05:07,281 [server.py:add_log_rollover_item()] - 
#################### Moonraker Configuration ####################

[server]
host = 0.0.0.0
port = 7125
klippy_uds_address = /home/biqu/printer_data/comms/klippy.sock

[authorization]
trusted_clients = 
	10.0.0.0/8
	127.0.0.0/8
	169.254.0.0/16
	172.16.0.0/12
	192.168.0.0/16
	FE80::/10
	::1/128
cors_domains = 
	*.lan
	*.local
	*://localhost
	*://localhost:*
	*://my.mainsail.xyz
	*://app.fluidd.xyz

[octoprint_compat]

[history]

[update_manager]
channel = dev
refresh_interval = 168

[update_manager mainsail-config]
type = git_repo
primary_branch = master
path = ~/mainsail-config
origin = https://github.com/mainsail-crew/mainsail-config.git
managed_services = klipper

[update_manager mainsail]
type = web
channel = stable
repo = mainsail-crew/mainsail
path = ~/mainsail

[update_manager crowsnest]
type = git_repo
path = ~/crowsnest
origin = https://github.com/mainsail-crew/crowsnest.git
managed_services = crowsnest
install_script = tools/pkglist.sh

[update_manager sonar]
type = git_repo
path = ~/sonar
origin = https://github.com/mainsail-crew/sonar.git
primary_branch = main
managed_services = sonar
install_script = tools/install.sh

[update_manager timelapse]
type = git_repo
primary_branch = main
path = ~/moonraker-timelapse
origin = https://github.com/mainsail-crew/moonraker-timelapse.git
managed_services = klipper moonraker

[update_manager KlipperScreen]
type = git_repo
path = ~/KlipperScreen
origin = https://github.com/bigtreetech/KlipperScreen.git
env = ~/.KlipperScreen-env/bin/python
requirements = scripts/KlipperScreen-requirements.txt
install_script = scripts/KlipperScreen-install.sh
managed_services = KlipperScreen

[update_manager print_area_bed_mesh]
type = git_repo
path = ~/print_area_bed_mesh
origin = https://github.com/Turge08/print_area_bed_mesh.git
is_system_service = False

[update_manager klipper-backup]
type = git_repo
path = ~/klipper-backup
origin = https://github.com/Staubgeborener/klipper-backup.git
managed_services = klipper
primary_branch = main

#################################################################
All Configuration Files:
/home/biqu/printer_data/config/moonraker.conf
#################################################################
2024-01-11 22:05:07,702 [server.py:load_component()] - Component (dbus_manager) loaded
2024-01-11 22:05:07,785 [server.py:add_log_rollover_item()] - 
Database Versions: pylmdb = 1.4.1, lmdb = (0, 9, 29)
Unsafe Shutdown Count: 2
2024-01-11 22:05:07,852 [server.py:load_component()] - Component (database) loaded
2024-01-11 22:05:07,994 [file_manager.py:__init__()] - Using File System Observer: inotify
2024-01-11 22:05:08,108 [server.py:load_component()] - Component (file_manager) loaded
2024-01-11 22:05:08,127 [server.py:load_component()] - Component (klippy_apis) loaded
2024-01-11 22:05:08,827 [server.py:load_component()] - Component (secrets) loaded
2024-01-11 22:05:08,891 [server.py:load_component()] - Component (template) loaded
2024-01-11 22:05:09,131 [server.py:add_log_rollover_item()] - 
System Info:

***python***
  version: (3, 9, 2, 'final', 0)
  version_string: 3.9.2 (default, Feb 28 2021, 17:03:44)  [GCC 10.2.1 20210110]

***cpu_info***
  cpu_count: 4
  bits: 64bit
  processor: aarch64
  cpu_desc: 
  serial_number: 
  hardware_desc: 
  model: 
  total_memory: 1010636
  memory_units: kB

***sd_info***

***distribution***
  name: Debian GNU/Linux 11 (bullseye)
  id: debian
  version: 11
  version_parts: {'major': '11', 'minor': '', 'build_number': ''}
  like: 
  codename: bullseye
  release_info: {'name': '# PLEASE DO NOT EDIT THIS FILE', 'id': 'board'}

***virtualization***
  virt_type: none
  virt_identifier: none

***network***

***canbus***

***Allowed Services***
  klipper_mcu
  webcamd
  MoonCord
  KlipperScreen
  moonraker-telegram-bot
  moonraker-obico
  sonar
  crowsnest
  octoeverywhere
  ratos-configurator
2024-01-11 22:05:09,166 [server.py:load_component()] - Component (shell_command) loaded
2024-01-11 22:05:09,166 [machine.py:__init__()] - Using System Provider: systemd_dbus
2024-01-11 22:05:09,192 [server.py:load_component()] - Component (machine) loaded
2024-01-11 22:05:09,212 [server.py:load_component()] - Component (data_store) loaded
2024-01-11 22:05:09,231 [proc_stats.py:__init__()] - Unable to find 'vcgencmd', throttle checking disabled
2024-01-11 22:05:09,235 [server.py:load_component()] - Component (proc_stats) loaded
2024-01-11 22:05:09,243 [server.py:load_component()] - Component (job_state) loaded
2024-01-11 22:05:09,267 [server.py:load_component()] - Component (job_queue) loaded
2024-01-11 22:05:09,298 [server.py:load_component()] - Component (http_client) loaded
2024-01-11 22:05:09,326 [server.py:load_component()] - Component (announcements) loaded
2024-01-11 22:05:09,356 [server.py:load_component()] - Component (webcam) loaded
2024-01-11 22:05:09,375 [server.py:load_component()] - Component (extensions) loaded
2024-01-11 22:05:09,403 [server.py:load_component()] - Component (history) loaded
2024-01-11 22:05:09,688 [base_deploy.py:log_info()] - Git Repo moonraker: Detected virtualenv: /home/biqu/moonraker-env
2024-01-11 22:05:09,723 [base_deploy.py:log_info()] - Git Repo klipper: Detected virtualenv: /home/biqu/klippy-env
2024-01-11 22:05:09,805 [base_deploy.py:log_info()] - Git Repo KlipperScreen: Option 'env' is deprecated, use 'virtualenv' instead.
2024-01-11 22:05:09,810 [base_deploy.py:log_info()] - Git Repo KlipperScreen: Detected virtualenv: /home/biqu/.KlipperScreen-env
2024-01-11 22:05:09,863 [server.py:load_component()] - Component (update_manager) loaded
2024-01-11 22:05:09,937 [server.py:load_component()] - Component (octoprint_compat) loaded
2024-01-11 22:05:10,021 [authorization.py:__init__()] - Authorization Configuration Loaded
Trusted Clients:
10.0.0.0/8
127.0.0.0/8
169.254.0.0/16
172.16.0.0/12
192.168.0.0/16
fe80::/10
::1/128
CORS Domains:
.*\.lan
.*\.local
.*://localhost
.*://localhost:.*
.*://my\.mainsail\.xyz
.*://app\.fluidd\.xyz
2024-01-11 22:05:10,042 [server.py:load_component()] - Component (authorization) loaded
2024-01-11 22:05:10,089 [server.py:_initialize_component()] - Performing Component Post Init: [dbus_manager]
2024-01-11 22:05:10,360 [server.py:_initialize_component()] - Performing Component Post Init: [file_manager]
2024-01-11 22:05:10,450 [server.py:_initialize_component()] - Performing Component Post Init: [machine]
2024-01-11 22:05:10,452 [machine.py:validation_init()] - Installation version in database up to date
2024-01-11 22:05:11,593 [machine.py:check_virt_status()] - No Virtualization Detected
2024-01-11 22:05:11,649 [machine.py:_find_public_ip()] - Detected Local IP: 192.168.0.106
2024-01-11 22:05:11,655 [webcam.py:_set_default_host_ip()] - Default public webcam address set: http://192.168.0.106
2024-01-11 22:05:11,851 [server.py:add_log_rollover_item()] - 
Systemd unit moonraker.service:
unit_name: moonraker.service
is_default: True
manager: systemd
Properties:
**Requires=['system.slice', 'sysinit.target', '-.mount', 'network-online.target']
**After=['system.slice', 'sysinit.target', 'systemd-journald.socket', 'basic.target', '-.mount', 'network-online.target']
**SupplementaryGroups=['moonraker-admin']
**EnvironmentFiles=/home/biqu/printer_data/systemd/moonraker.env
**ExecStart=/home/biqu/moonraker-env/bin/python $MOONRAKER_ARGS
**WorkingDirectory=/home/biqu/moonraker
**FragmentPath=/etc/systemd/system/moonraker.service
**Description=API Server for Klipper SV1
**User=biqu
2024-01-11 22:05:11,852 [server.py:_initialize_component()] - Performing Component Post Init: [proc_stats]
2024-01-11 22:05:11,852 [server.py:_initialize_component()] - Performing Component Post Init: [announcements]
2024-01-11 22:05:11,856 [server.py:_initialize_component()] - Performing Component Post Init: [webcam]
2024-01-11 22:05:11,857 [webcam.py:_set_default_host_ip()] - Default public webcam address set: http://192.168.0.106
2024-01-11 22:05:11,859 [server.py:_initialize_component()] - Performing Component Post Init: [klippy_connection]
2024-01-11 22:05:11,860 [server.py:add_log_rollover_item()] - 
Systemd unit klipper.service:
unit_name: klipper.service
is_default: True
manager: systemd
Properties:
**Requires=['system.slice', '-.mount', 'sysinit.target']
**After=['-.mount', 'sysinit.target', 'network-online.target', 'klipper-mcu.service', 'basic.target', 'system.slice', 'systemd-journald.socket']
**SupplementaryGroups=[]
**EnvironmentFiles=/home/biqu/printer_data/systemd/klipper.env
**ExecStart=/home/biqu/klippy-env/bin/python $KLIPPER_ARGS
**WorkingDirectory=/home/biqu/klipper
**FragmentPath=/etc/systemd/system/klipper.service
**Description=Klipper 3D Printer Firmware SV1
**User=biqu
2024-01-11 22:05:11,861 [server.py:_initialize_component()] - Performing Component Post Init: [history]
2024-01-11 22:05:11,879 [server.py:_initialize_component()] - Performing Component Post Init: [update_manager]
2024-01-11 22:05:11,885 [server.py:_initialize_component()] - Performing Component Post Init: [authorization]
2024-01-11 22:05:23,519 [base_deploy.py:log_info()] - PackageDeploy: PackageKit Provider Configured
2024-01-11 22:05:23,522 [base_deploy.py:log_info()] - Git Repo moonraker: Stored pip version: 23.1.2
2024-01-11 22:05:24,091 [git_deploy.py:log_repo_info()] - Git Repo moonraker Detected:
Owner: Arksine
Repository Name: moonraker
Path: /home/biqu/moonraker
Remote: origin
Branch: master
Remote URL: https://github.com/Arksine/moonraker.git
Recovery URL: https://github.com/Arksine/moonraker.git
Current Commit SHA: ea6df41f05a11622f4377bf26a09a08edb773378
Upstream Commit SHA: ea6df41f05a11622f4377bf26a09a08edb773378
Current Version: v0.8.0-246-gea6df41f
Upstream Version: v0.8.0-246-gea6df41f
Rollback Commit: 6e6388d673d471f629e1313851adde133f145874
Rollback Branch: master
Rollback Version: v0.8.0-244-g6e6388d6
Is Dirty: False
Is Detached: False
Is Shallow: False
Commits Behind Count: 0
Diverged: False
Repo Warnings:
  Repo has untracked source files: ['moonraker/components/timelapse.py']
2024-01-11 22:05:24,644 [git_deploy.py:log_repo_info()] - Git Repo klipper Detected:
Owner: Klipper3d
Repository Name: klipper
Path: /home/biqu/klipper
Remote: origin
Branch: master
Remote URL: https://github.com/Klipper3d/klipper
Recovery URL: https://github.com/Klipper3d/klipper
Current Commit SHA: b50d6669a8b491edf07602c0528d26abe8985536
Upstream Commit SHA: b50d6669a8b491edf07602c0528d26abe8985536
Current Version: v0.12.0-61-gb50d6669
Upstream Version: v0.12.0-61-gb50d6669
Rollback Commit: 0665dc89766bd85c095f18ba84028dc47def2f19
Rollback Branch: master
Rollback Version: v0.12.0-60-g0665dc89
Is Dirty: False
Is Detached: False
Is Shallow: False
Commits Behind Count: 0
Diverged: False
2024-01-11 22:05:25,210 [git_deploy.py:log_repo_info()] - Git Repo mainsail-config Detected:
Owner: mainsail-crew
Repository Name: mainsail-config
Path: /home/biqu/mainsail-config
Remote: origin
Branch: master
Remote URL: https://github.com/mainsail-crew/mainsail-config.git
Recovery URL: https://github.com/mainsail-crew/mainsail-config.git
Current Commit SHA: e57810d51b5c634aadaca4db923bfcba269ae4b3
Upstream Commit SHA: e57810d51b5c634aadaca4db923bfcba269ae4b3
Current Version: v1.2.1-0-ge57810d5
Upstream Version: v1.2.1-0-ge57810d5
Rollback Commit: e57810d51b5c634aadaca4db923bfcba269ae4b3
Rollback Branch: master
Rollback Version: v1.2.1-0-ge57810d
Is Dirty: False
Is Detached: False
Is Shallow: False
Commits Behind Count: 0
Diverged: False
2024-01-11 22:05:25,228 [web_deploy.py:_log_client_info()] - Web Client mainsail Detected:
Repo: mainsail-crew/mainsail
Channel: stable
Path: /home/biqu/mainsail
Local Version: v2.9.1
Remote Version: v2.9.1
Valid: True
Fallback Client Detected: False
Pre-release: False
Download Url: https://github.com/mainsail-crew/mainsail/releases/download/v2.9.1/mainsail.zip
Download Size: 2071443
Content Type: application/zip
Rollback Version: v2.9.1
Rollback Repo: mainsail-crew/mainsail
2024-01-11 22:05:25,851 [git_deploy.py:log_repo_info()] - Git Repo crowsnest Detected:
Owner: mainsail-crew
Repository Name: crowsnest
Path: /home/biqu/crowsnest
Remote: origin
Branch: master
Remote URL: https://github.com/mainsail-crew/crowsnest.git
Recovery URL: https://github.com/mainsail-crew/crowsnest.git
Current Commit SHA: e209d19d3c26b614799f194c53380aa2b5dff641
Upstream Commit SHA: e209d19d3c26b614799f194c53380aa2b5dff641
Current Version: v4.1.2-1-ge209d19d
Upstream Version: v4.1.2-1-ge209d19d
Rollback Commit: f7ac6aa298143f0019eae9b2b2be8039196ebeda
Rollback Branch: master
Rollback Version: v4.1.1-1-gf7ac6aa2
Is Dirty: False
Is Detached: False
Is Shallow: False
Commits Behind Count: 0
Diverged: False
2024-01-11 22:05:26,475 [git_deploy.py:log_repo_info()] - Git Repo sonar Detected:
Owner: mainsail-crew
Repository Name: sonar
Path: /home/biqu/sonar
Remote: origin
Branch: main
Remote URL: https://github.com/mainsail-crew/sonar.git
Recovery URL: https://github.com/mainsail-crew/sonar.git
Current Commit SHA: eacc498a52f79292063b6f9b0e0c191c34c5dc09
Upstream Commit SHA: eacc498a52f79292063b6f9b0e0c191c34c5dc09
Current Version: v0.1.3-1-geacc498a
Upstream Version: v0.1.3-1-geacc498a
Rollback Commit: eacc498a52f79292063b6f9b0e0c191c34c5dc09
Rollback Branch: main
Rollback Version: v0.1.3-1-geacc498
Is Dirty: False
Is Detached: False
Is Shallow: False
Commits Behind Count: 0
Diverged: False
2024-01-11 22:05:27,122 [git_deploy.py:log_repo_info()] - Git Repo timelapse Detected:
Owner: mainsail-crew
Repository Name: moonraker-timelapse
Path: /home/biqu/moonraker-timelapse
Remote: origin
Branch: main
Remote URL: https://github.com/mainsail-crew/moonraker-timelapse.git
Recovery URL: https://github.com/mainsail-crew/moonraker-timelapse.git
Current Commit SHA: c7fff11e542b95e0e15b8bb1443cea8159ac0274
Upstream Commit SHA: c7fff11e542b95e0e15b8bb1443cea8159ac0274
Current Version: v0.0.1-143-gc7fff11e
Upstream Version: v0.0.1-143-gc7fff11e
Rollback Commit: c7fff11e542b95e0e15b8bb1443cea8159ac0274
Rollback Branch: main
Rollback Version: v0.0.1-143-gc7fff11
Is Dirty: False
Is Detached: False
Is Shallow: False
Commits Behind Count: 0
Diverged: False
2024-01-11 22:05:27,137 [base_deploy.py:log_info()] - Git Repo KlipperScreen: Stored pip version: 20.3.4
2024-01-11 22:05:27,717 [git_deploy.py:log_repo_info()] - Git Repo KlipperScreen Detected:
Owner: KlipperScreen
Repository Name: KlipperScreen
Path: /home/biqu/KlipperScreen
Remote: origin
Branch: master
Remote URL: https://github.com/KlipperScreen/KlipperScreen.git
Recovery URL: https://github.com/KlipperScreen/KlipperScreen.git
Current Commit SHA: a72328224b54390ba6e19bf62a3db7e3e3985d14
Upstream Commit SHA: a72328224b54390ba6e19bf62a3db7e3e3985d14
Current Version: v0.3.8-40-ga7232822
Upstream Version: v0.3.8-40-ga7232822
Rollback Commit: 2527a12d32a4e9a7d9feece4213413c57e197566
Rollback Branch: master
Rollback Version: v0.3.8-31-g2527a12d
Is Dirty: False
Is Detached: False
Is Shallow: False
Commits Behind Count: 0
Diverged: False
Repo Warnings:
  Unofficial remote url: https://github.com/KlipperScreen/KlipperScreen.git
2024-01-11 22:05:28,316 [git_deploy.py:log_repo_info()] - Git Repo print_area_bed_mesh Detected:
Owner: Turge08
Repository Name: print_area_bed_mesh
Path: /home/biqu/print_area_bed_mesh
Remote: origin
Branch: master
Remote URL: https://github.com/Turge08/print_area_bed_mesh.git
Recovery URL: https://github.com/Turge08/print_area_bed_mesh.git
Current Commit SHA: 53451c9dedd331c2ead0fbd0f55ee15c37d41b1f
Upstream Commit SHA: 53451c9dedd331c2ead0fbd0f55ee15c37d41b1f
Current Version: v1.2.1-21-g53451c9d
Upstream Version: v1.2.1-21-g53451c9d
Rollback Commit: 53451c9dedd331c2ead0fbd0f55ee15c37d41b1f
Rollback Branch: master
Rollback Version: v1.2.1-21-g53451c9
Is Dirty: False
Is Detached: False
Is Shallow: False
Commits Behind Count: 0
Diverged: False
2024-01-11 22:05:28,323 [base_deploy.py:log_info()] - PackageKit: Next refresh in: 5 Days, 18 Hours, 33 Minutes, 50 Seconds
2024-01-11 22:05:28,324 [base_deploy.py:log_info()] - Git Repo moonraker: Next refresh in: 5 Days, 18 Hours, 36 Minutes, 37 Seconds
2024-01-11 22:05:28,324 [base_deploy.py:log_info()] - Git Repo klipper: Next refresh in: 5 Days, 18 Hours, 37 Minutes, 21 Seconds
2024-01-11 22:05:28,324 [base_deploy.py:log_info()] - Git Repo mainsail-config: Next refresh in: 5 Days, 18 Hours, 33 Minutes, 59 Seconds
2024-01-11 22:05:28,325 [base_deploy.py:log_info()] - Web Client mainsail: Next refresh in: 5 Days, 18 Hours, 33 Minutes, 59 Seconds
2024-01-11 22:05:28,325 [base_deploy.py:log_info()] - Git Repo crowsnest: Next refresh in: 5 Days, 18 Hours, 38 Minutes, 54 Seconds
2024-01-11 22:05:28,326 [base_deploy.py:log_info()] - Git Repo sonar: Next refresh in: 5 Days, 18 Hours, 34 Minutes, 2 Seconds
2024-01-11 22:05:28,326 [base_deploy.py:log_info()] - Git Repo timelapse: Next refresh in: 5 Days, 18 Hours, 34 Minutes, 3 Seconds
2024-01-11 22:05:28,327 [base_deploy.py:log_info()] - Git Repo KlipperScreen: Next refresh in: 5 Days, 18 Hours, 35 Minutes, 2 Seconds
2024-01-11 22:05:28,327 [base_deploy.py:log_info()] - Git Repo print_area_bed_mesh: Next refresh in: 5 Days, 18 Hours, 34 Minutes, 8 Seconds
2024-01-11 22:05:28,361 [confighelper.py:create_backup()] - Backing up last working configuration to '/home/biqu/printer_data/config/.moonraker.conf.bkp'
2024-01-11 22:05:28,371 [extensions.py:start_unix_server()] - Creating Unix Domain Socket at '/home/biqu/printer_data/comms/moonraker.sock'
2024-01-11 22:05:28,374 [server.py:start_server()] - Starting Moonraker on (0.0.0.0, 7125), Hostname: BTT-CB1
2024-01-11 22:05:28,377 [app.py:listen()] - SSL Certificate/Key not configured, aborting HTTPS Server startup
2024-01-11 22:05:28,457 [shell_command.py:_check_proc_success()] - Command (git -C /home/biqu/klipper-backup status --porcelain -b) successfully finished
2024-01-11 22:05:29,040 [shell_command.py:_check_proc_success()] - Command (git -C /home/biqu/klipper-backup branch --list --no-color) successfully finished
2024-01-11 22:05:29,080 [shell_command.py:_check_proc_success()] - Command (git -C /home/biqu/klipper-backup remote get-url origin) successfully finished
2024-01-11 22:05:30,495 [authorization.py:_check_trusted_connection()] - Trusted Connection Detected, IP: 127.0.0.1
2024-01-11 22:05:30,555 [app.py:log_request()] - 101 GET /websocket?token=Q7JQAJSLT5OG2UHSE66Z4ZTCWOUNXK44 (127.0.0.1) [_TRUSTED_USER_] 6.92ms
2024-01-11 22:05:30,556 [websockets.py:open()] - Websocket Opened: ID: 281472810087040, Proxied: False, User Agent: , Host Name: 127.0.0.1
2024-01-11 22:05:31,324 [shell_command.py:_check_proc_success()] - Command (git -C /home/biqu/klipper-backup fetch origin --prune --progress) successfully finished
2024-01-11 22:05:31,359 [shell_command.py:_check_proc_success()] - Command (git -C /home/biqu/klipper-backup merge-base --is-ancestor HEAD origin/main) successfully finished
2024-01-11 22:05:31,381 [shell_command.py:_check_proc_success()] - Command (git -C /home/biqu/klipper-backup rev-parse HEAD) successfully finished
2024-01-11 22:05:31,404 [shell_command.py:_check_proc_success()] - Command (git -C /home/biqu/klipper-backup describe --always --tags --long --dirty --abbrev=8) successfully finished
2024-01-11 22:05:31,425 [shell_command.py:_check_proc_success()] - Command (git -C /home/biqu/klipper-backup rev-parse origin/main) successfully finished
2024-01-11 22:05:31,448 [shell_command.py:_check_proc_success()] - Command (git -C /home/biqu/klipper-backup describe origin/main --always --tags --long --abbrev=8) successfully finished
2024-01-11 22:05:31,473 [shell_command.py:_check_proc_success()] - Command (git -C /home/biqu/klipper-backup rev-list HEAD..5eff51632553bdd211a495425367aff5db67910a --count) successfully finished
2024-01-11 22:05:31,475 [git_deploy.py:log_repo_info()] - Git Repo klipper-backup Detected:
Owner: Staubgeborener
Repository Name: klipper-backup
Path: /home/biqu/klipper-backup
Remote: origin
Branch: main
Remote URL: https://github.com/Staubgeborener/klipper-backup.git
Recovery URL: https://github.com/Staubgeborener/klipper-backup.git
Current Commit SHA: 5eff51632553bdd211a495425367aff5db67910a
Upstream Commit SHA: 5eff51632553bdd211a495425367aff5db67910a
Current Version: 1.0.0-0-g5eff5163
Upstream Version: 1.0.0-0-g5eff5163
Rollback Commit: 5eff51632553bdd211a495425367aff5db67910a
Rollback Branch: main
Rollback Version: 1.0.0-0-g5eff5163
Is Dirty: False
Is Detached: False
Is Shallow: False
Commits Behind Count: 0
Diverged: False
2024-01-11 22:05:31,475 [base_deploy.py:log_info()] - Git Repo klipper-backup: Channel: dev
2024-01-11 22:05:31,475 [base_deploy.py:log_info()] - Git Repo klipper-backup: Validity check for git repo passed
2024-01-11 22:05:34,952 [klippy_connection.py:_do_connect()] - Klippy Connection Established
2024-01-11 22:05:35,090 [server.py:add_log_rollover_item()] - 
Systemd unit klipper.service:
unit_name: klipper.service
is_default: True
manager: systemd
Properties:
**Requires=['system.slice', '-.mount', 'sysinit.target']
**After=['sysinit.target', '-.mount', 'systemd-journald.socket', 'system.slice', 'basic.target', 'network-online.target', 'klipper-mcu.service']
**SupplementaryGroups=[]
**EnvironmentFiles=/home/biqu/printer_data/systemd/klipper.env
**ExecStart=/home/biqu/klippy-env/bin/python $KLIPPER_ARGS
**WorkingDirectory=/home/biqu/klipper
**FragmentPath=/etc/systemd/system/klipper.service
**Description=Klipper 3D Printer Firmware SV1
**User=biqu
2024-01-11 22:05:37,398 [app.py:log_request()] - 404 GET /printer/info (127.0.0.1) [No User] 18.52ms
2024-01-11 22:05:37,686 [server.py:add_log_rollover_item()] - Klipper Version: v0.12.0-61-gb50d6669
2024-01-11 22:05:40,861 [file_manager.py:get_file_list()] - Updating File List <gcodes>...
2024-01-11 22:05:40,994 [klippy_connection.py:_request_initial_subscriptions()] - Webhooks Subscribed
2024-01-11 22:05:41,000 [klippy_connection.py:_request_initial_subscriptions()] - GCode Output Subscribed
2024-01-11 22:05:41,243 [job_state.py:_handle_started()] - Job state initialized: standby
2024-01-11 22:05:41,511 [klippy_connection.py:_check_ready()] - Klippy ready
2024-01-11 22:05:41,994 [data_store.py:_init_sensors()] - Configuring available sensors: ['heater_bed', 'extruder']
2024-01-11 22:08:20,559 [authorization.py:_check_trusted_connection()] - Trusted Connection Detected, IP: 192.168.0.200
2024-01-11 22:08:20,564 [app.py:log_request()] - 101 GET /websocket (192.168.0.200) [_TRUSTED_USER_] 11.64ms
2024-01-11 22:08:20,567 [websockets.py:open()] - Websocket Opened: ID: 281472783506208, Proxied: True, User Agent: Mozilla/5.0 (Windows NT 10.0; Win64; x64) AppleWebKit/537.36 (KHTML, like Gecko) Chrome/121.0.0.0 Safari/537.36 Edg/121.0.0.0, Host Name: 192.168.0.106
2024-01-11 22:08:20,577 [websockets.py:_handle_identify()] - Websocket 281472783506208 Client Identified - Name: mainsail, Version: 2.9.1, Type: web
2024-01-11 22:13:46,075 [app.py:prepare()] - Upload Request Received from 192.168.0.200
Content-Type: multipart/form-data; boundary=----WebKitFormBoundary5OrDheCzXmyQWc79
2024-01-11 22:13:46,123 [app.py:post()] - Processing Uploaded File: printer.cfg
2024-01-11 22:13:46,150 [app.py:log_request()] - 201 POST /server/files/upload (192.168.0.200) [_TRUSTED_USER_] 85.70ms
2024-01-11 22:13:47,238 [klippy_connection.py:_on_connection_closed()] - Klippy Connection Removed
2024-01-11 22:13:48,501 [klippy_connection.py:_do_connect()] - Klippy Connection Established
2024-01-11 22:13:51,395 [klippy_connection.py:_request_initial_subscriptions()] - Webhooks Subscribed
2024-01-11 22:13:51,409 [klippy_connection.py:_request_initial_subscriptions()] - GCode Output Subscribed
2024-01-11 22:13:51,418 [file_manager.py:get_file_list()] - Updating File List <gcodes>...
2024-01-11 22:13:51,465 [klippy_connection.py:_check_ready()] - 
Section 'gcode_shell_command update_git_script' is not a valid config section

Once the underlying issue is corrected, use the "RESTART"
command to reload the config and restart the host software.
Printer is halted

2024-01-11 22:15:11,058 [app.py:prepare()] - Upload Request Received from 192.168.0.200
Content-Type: multipart/form-data; boundary=----WebKitFormBoundaryQSuf4e7MWHvFgOBG
2024-01-11 22:15:11,101 [app.py:post()] - Processing Uploaded File: printer.cfg
2024-01-11 22:15:11,125 [app.py:log_request()] - 201 POST /server/files/upload (192.168.0.200) [_TRUSTED_USER_] 70.91ms
2024-01-11 22:15:11,474 [klippy_connection.py:close()] - Error closing Klippy Unix Socket
Traceback (most recent call last):
  File "/home/biqu/moonraker/moonraker/klippy_connection.py", line 747, in close
    await self.writer.wait_closed()
  File "/usr/lib/python3.9/asyncio/streams.py", line 359, in wait_closed
    await self._protocol._get_close_waiter(self)
  File "/home/biqu/moonraker/moonraker/klippy_connection.py", line 171, in _read_stream
    data = await reader.readuntil(b'\x03')
  File "/usr/lib/python3.9/asyncio/streams.py", line 632, in readuntil
    await self._wait_for_data('readuntil')
  File "/usr/lib/python3.9/asyncio/streams.py", line 517, in _wait_for_data
    await self._waiter
  File "/usr/lib/python3.9/asyncio/selector_events.py", line 856, in _read_ready__data_received
    data = self._sock.recv(self.max_size)
ConnectionResetError: [Errno 104] Connection reset by peer
2024-01-11 22:15:11,474 [klippy_connection.py:_on_connection_closed()] - Klippy Connection Removed
2024-01-11 22:15:11,479 [common.py:build_error()] - JSON-RPC Request Error - Requested Method: printer.info, Code: 503, Message: Klippy Disconnected
2024-01-11 22:15:12,740 [klippy_connection.py:_do_connect()] - Klippy Connection Established
2024-01-11 22:15:15,382 [klippy_connection.py:_request_initial_subscriptions()] - Webhooks Subscribed
2024-01-11 22:15:15,391 [klippy_connection.py:_request_initial_subscriptions()] - GCode Output Subscribed
2024-01-11 22:15:15,400 [file_manager.py:get_file_list()] - Updating File List <gcodes>...
2024-01-11 22:15:15,452 [klippy_connection.py:_check_ready()] - 
Section 'gcode_shell_command update_git_script' is not a valid config section

Once the underlying issue is corrected, use the "RESTART"
command to reload the config and restart the host software.
Printer is halted

2024-01-11 22:23:45,716 [klippy_connection.py:_on_connection_closed()] - Klippy Connection Removed
2024-01-11 22:23:58,877 [klippy_connection.py:_do_connect()] - Klippy Connection Established
2024-01-11 22:24:01,623 [server.py:add_log_rollover_item()] - Klipper Version: v0.12.0-61-gb50d6669-dirty
2024-01-11 22:24:02,110 [file_manager.py:get_file_list()] - Updating File List <gcodes>...
2024-01-11 22:24:04,771 [klippy_connection.py:_request_initial_subscriptions()] - Webhooks Subscribed
2024-01-11 22:24:04,779 [klippy_connection.py:_request_initial_subscriptions()] - GCode Output Subscribed
2024-01-11 22:24:05,020 [job_state.py:_handle_started()] - Job state initialized: standby
2024-01-11 22:24:05,305 [klippy_connection.py:_check_ready()] - Klippy ready
2024-01-11 22:24:05,779 [data_store.py:_init_sensors()] - Configuring available sensors: ['heater_bed', 'extruder']
2024-01-11 22:43:30,656 [websockets.py:write_to_socket()] - Websocket closed while writing: 281472783506208
2024-01-11 22:43:35,570 [websockets.py:on_close()] - Websocket Closed: ID: 281472783506208 Close Code: None, Close Reason: None, Pong Time Elapsed: 45.00
2024-01-11 23:05:07,642 [app.py:log_request()] - 101 GET /websocket (192.168.0.200) [_TRUSTED_USER_] 6.89ms
2024-01-11 23:05:07,643 [websockets.py:open()] - Websocket Opened: ID: 281472783505920, Proxied: True, User Agent: Mozilla/5.0 (Windows NT 10.0; Win64; x64) AppleWebKit/537.36 (KHTML, like Gecko) Chrome/121.0.0.0 Safari/537.36 Edg/121.0.0.0, Host Name: 192.168.0.106
2024-01-11 23:05:07,683 [websockets.py:_handle_identify()] - Websocket 281472783505920 Client Identified - Name: mainsail, Version: 2.9.1, Type: web
2024-01-11 23:05:43,465 [app.py:prepare()] - Upload Request Received from 192.168.0.200
Content-Type: multipart/form-data; boundary=----WebKitFormBoundaryQupSW5yePaJ8Wkkm
2024-01-11 23:05:43,512 [app.py:post()] - Processing Uploaded File: printer.cfg
2024-01-11 23:05:43,537 [app.py:log_request()] - 201 POST /server/files/upload (192.168.0.200) [_TRUSTED_USER_] 76.56ms
2024-01-11 23:05:44,639 [klippy_connection.py:_on_connection_closed()] - Klippy Connection Removed
2024-01-11 23:05:45,905 [klippy_connection.py:_do_connect()] - Klippy Connection Established
2024-01-11 23:05:48,834 [file_manager.py:get_file_list()] - Updating File List <gcodes>...
2024-01-11 23:05:51,211 [klippy_connection.py:_request_initial_subscriptions()] - Webhooks Subscribed
2024-01-11 23:05:51,217 [klippy_connection.py:_request_initial_subscriptions()] - GCode Output Subscribed
2024-01-11 23:05:51,719 [job_state.py:_handle_started()] - Job state initialized: standby
2024-01-11 23:05:52,015 [klippy_connection.py:_check_ready()] - Klippy ready
2024-01-11 23:05:52,473 [data_store.py:_init_sensors()] - Configuring available sensors: ['heater_bed', 'extruder']
